2023-01-18 17:02:46,815 - D:\AirtestIDE\airtest\core\android\static\adb\windows\adb.exe devices
2023-01-18 17:02:49,366 - D:\AirtestIDE\airtest\core\android\static\adb\windows\adb.exe kill-server
2023-01-18 17:02:58,659 - D:\AirtestIDE\airtest\core\android\static\adb\windows\adb.exe devices
2023-01-18 17:03:00,679 - D:\AirtestIDE\airtest\core\android\static\adb\windows\adb.exe kill-server
2023-01-18 17:03:01,271 - Traceback (most recent call last):
  File "app\plugins\devicepool\abstract\device.py", line 82, in run
  File "app\plugins\devicepool\android\device.py", line 49, in refresh_devices
  File "app\plugins\devicepool\android\device.py", line 40, in _get_device_info
  File "airtest\core\android\adb.py", line 225, in devices
  File "airtest\core\android\adb.py", line 197, in cmd
airtest.core.error.AdbError: stdout[List of devices attached
] stderr[* daemon not running; starting now at tcp:5037
could not read ok from ADB Server
* failed to start daemon
error: cannot connect to daemon
]

2023-01-18 17:03:11,034 - D:\AirtestIDE\airtest\core\android\static\adb\windows\adb.exe devices
2023-01-18 17:03:19,815 - D:\AirtestIDE\airtest\core\android\static\adb\windows\adb.exe kill-server
2023-01-18 17:03:32,966 - D:\AirtestIDE\airtest\core\android\static\adb\windows\adb.exe devices
2023-01-18 17:03:45,298 - D:\AirtestIDE\airtest\core\android\static\adb\windows\adb.exe -P 5037 -s b5cd5344 wait-for-device
2023-01-18 17:03:45,322 - D:\AirtestIDE\airtest\core\android\static\adb\windows\adb.exe -P 5037 -s b5cd5344 shell getprop ro.build.version.sdk
2023-01-18 17:03:45,388 - D:\AirtestIDE\airtest\core\android\static\adb\windows\adb.exe -P 5037 -s b5cd5344 shell ls -l /data/local/tmp/rotationwatcher.jar
2023-01-18 17:03:45,468 - install_rotationwatcher skipped
2023-01-18 17:03:45,468 - D:\AirtestIDE\airtest\core\android\static\adb\windows\adb.exe -P 5037 -s b5cd5344 shell app_process -Djava.class.path=/data/local/tmp/rotationwatcher.jar /data/local/tmp com.example.rotationwatcher.Main
2023-01-18 17:03:45,734 - [rotation_server]b'90'
2023-01-18 17:03:47,479 - update orientation None->1
2023-01-18 17:03:47,480 - D:\AirtestIDE\airtest\core\android\static\adb\windows\adb.exe -P 5037 -s b5cd5344 shell dumpsys display
2023-01-18 17:03:47,578 - D:\AirtestIDE\airtest\core\android\static\adb\windows\adb.exe -P 5037 -s b5cd5344 shell dumpsys window
2023-01-18 17:03:47,722 - D:\AirtestIDE\airtest\core\android\static\adb\windows\adb.exe -P 5037 -s b5cd5344 shell wm size; wm density
2023-01-18 17:03:47,876 - D:\AirtestIDE\airtest\core\android\static\adb\windows\adb.exe -P 5037 -s b5cd5344 shell dumpsys window displays
2023-01-18 17:03:48,010 - D:\AirtestIDE\airtest\core\android\static\adb\windows\adb.exe -P 5037 -s b5cd5344 shell dumpsys SurfaceFlinger
2023-01-18 17:03:48,137 - D:\AirtestIDE\airtest\core\android\static\adb\windows\adb.exe -P 5037 -s b5cd5344 shell dumpsys input
2023-01-18 17:03:48,224 - D:\AirtestIDE\airtest\core\android\static\adb\windows\adb.exe -P 5037 -s b5cd5344 shell getevent -p
2023-01-18 17:03:48,312 - D:\AirtestIDE\airtest\core\android\static\adb\windows\adb.exe -P 5037 -s b5cd5344 shell ls /data/local/tmp/minicap
2023-01-18 17:03:48,384 - D:\AirtestIDE\airtest\core\android\static\adb\windows\adb.exe -P 5037 -s b5cd5344 shell ls /data/local/tmp/minicap.so
2023-01-18 17:03:48,461 - D:\AirtestIDE\airtest\core\android\static\adb\windows\adb.exe -P 5037 -s b5cd5344 shell LD_LIBRARY_PATH=/data/local/tmp /data/local/tmp/minicap -v 2>&1
2023-01-18 17:03:48,574 - version:5
2023-01-18 17:03:48,574 - skip install minicap
2023-01-18 17:03:48,575 - D:\AirtestIDE\airtest\core\android\static\adb\windows\adb.exe -P 5037 -s b5cd5344 shell LD_LIBRARY_PATH=/data/local/tmp /data/local/tmp/minicap -i
2023-01-18 17:03:48,686 - D:\AirtestIDE\airtest\core\android\static\adb\windows\adb.exe -P 5037 -s b5cd5344 shell dumpsys window displays
2023-01-18 17:03:48,799 - D:\AirtestIDE\airtest\core\android\static\adb\windows\adb.exe -P 5037 -s b5cd5344 shell LD_LIBRARY_PATH=/data/local/tmp /data/local/tmp/minicap -n 'airtest_minicap' -P 1080x2400@1080x2400/90 -s
2023-01-18 17:03:49,040 - D:\AirtestIDE\airtest\core\android\static\adb\windows\adb.exe -P 5037 -s b5cd5344 forward --no-rebind tcp:12444 localabstract:minicap_12444
2023-01-18 17:03:49,070 - D:\AirtestIDE\airtest\core\android\static\adb\windows\adb.exe -P 5037 -s b5cd5344 shell LD_LIBRARY_PATH=/data/local/tmp /data/local/tmp/minicap -i
2023-01-18 17:03:49,186 - D:\AirtestIDE\airtest\core\android\static\adb\windows\adb.exe -P 5037 -s b5cd5344 shell dumpsys window displays
2023-01-18 17:03:49,318 - D:\AirtestIDE\airtest\core\android\static\adb\windows\adb.exe -P 5037 -s b5cd5344 shell LD_LIBRARY_PATH=/data/local/tmp /data/local/tmp/minicap -n 'minicap_12444' -P 1080x2400@360x800/90 -l 2>&1
2023-01-18 17:03:49,430 - [minicap_server]b'PID: 29846'
2023-01-18 17:03:49,431 - [minicap_server]b'INFO: Using projection 1080x2400@360x800/1'
2023-01-18 17:03:49,432 - [minicap_server]b'INFO: (external/MY_minicap/src/minicap_30.cpp:243) Creating SurfaceComposerClient'
2023-01-18 17:03:49,432 - [minicap_server]b'INFO: (external/MY_minicap/src/minicap_30.cpp:246) Performing SurfaceComposerClient init check'
2023-01-18 17:03:49,432 - [minicap_server]b'INFO: (external/MY_minicap/src/minicap_30.cpp:257) Creating virtual display'
2023-01-18 17:03:49,433 - [minicap_server]b'INFO: (external/MY_minicap/src/minicap_30.cpp:263) Creating buffer queue'
2023-01-18 17:03:49,433 - [minicap_server]b'INFO: (external/MY_minicap/src/minicap_30.cpp:266) Setting buffer options'
2023-01-18 17:03:49,433 - [minicap_server]b'INFO: (external/MY_minicap/src/minicap_30.cpp:270) Creating CPU consumer'
2023-01-18 17:03:49,433 - [minicap_server]b'INFO: (external/MY_minicap/src/minicap_30.cpp:274) Creating frame waiter'
2023-01-18 17:03:49,434 - [minicap_server]b'INFO: (external/MY_minicap/src/minicap_30.cpp:278) Publishing virtual display'
2023-01-18 17:03:49,451 - [minicap_server]b'INFO: (jni/minicap/JpgEncoder.cpp:64) Allocating 7835652 bytes for JPG encoder'
2023-01-18 17:03:49,452 - [minicap_server]b'INFO: (jni/minicap/minicap.cpp:489) Server start'
2023-01-18 17:03:49,454 - (1, 24, 29846, 1080, 2400, 360, 800, 1, 2)
2023-01-18 17:03:49,454 - quirk_flag found, going to resetup
2023-01-18 17:03:49,455 - [minicap_server]b'INFO: (jni/minicap/minicap.cpp:492) New client connection'
2023-01-18 17:03:49,456 - minicap stream ends
2023-01-18 17:03:49,472 - [minicap_server]b''
2023-01-18 17:03:49,473 - D:\AirtestIDE\airtest\core\android\static\adb\windows\adb.exe -P 5037 -s b5cd5344 forward --remove tcp:12444
2023-01-18 17:03:49,498 - D:\AirtestIDE\airtest\core\android\static\adb\windows\adb.exe -P 5037 -s b5cd5344 forward --no-rebind tcp:16027 localabstract:minicap_16027
2023-01-18 17:03:49,521 - D:\AirtestIDE\airtest\core\android\static\adb\windows\adb.exe -P 5037 -s b5cd5344 shell LD_LIBRARY_PATH=/data/local/tmp /data/local/tmp/minicap -i
2023-01-18 17:03:49,630 - D:\AirtestIDE\airtest\core\android\static\adb\windows\adb.exe -P 5037 -s b5cd5344 shell dumpsys window displays
2023-01-18 17:03:49,744 - D:\AirtestIDE\airtest\core\android\static\adb\windows\adb.exe -P 5037 -s b5cd5344 shell LD_LIBRARY_PATH=/data/local/tmp /data/local/tmp/minicap -n 'minicap_16027' -P 2400x1080@800x360/0 -l 2>&1
2023-01-18 17:03:49,835 - [minicap_server]b'PID: 29860'
2023-01-18 17:03:49,835 - [minicap_server]b'INFO: Using projection 2400x1080@800x360/0'
2023-01-18 17:03:49,836 - [minicap_server]b'INFO: (external/MY_minicap/src/minicap_30.cpp:243) Creating SurfaceComposerClient'
2023-01-18 17:03:49,836 - [minicap_server]b'INFO: (external/MY_minicap/src/minicap_30.cpp:246) Performing SurfaceComposerClient init check'
2023-01-18 17:03:49,836 - [minicap_server]b'INFO: (external/MY_minicap/src/minicap_30.cpp:257) Creating virtual display'
2023-01-18 17:03:49,836 - [minicap_server]b'INFO: (external/MY_minicap/src/minicap_30.cpp:263) Creating buffer queue'
2023-01-18 17:03:49,836 - [minicap_server]b'INFO: (external/MY_minicap/src/minicap_30.cpp:266) Setting buffer options'
2023-01-18 17:03:49,837 - [minicap_server]b'INFO: (external/MY_minicap/src/minicap_30.cpp:270) Creating CPU consumer'
2023-01-18 17:03:49,837 - [minicap_server]b'INFO: (external/MY_minicap/src/minicap_30.cpp:274) Creating frame waiter'
2023-01-18 17:03:49,837 - [minicap_server]b'INFO: (external/MY_minicap/src/minicap_30.cpp:278) Publishing virtual display'
2023-01-18 17:03:49,849 - [minicap_server]b'INFO: (jni/minicap/JpgEncoder.cpp:64) Allocating 7835652 bytes for JPG encoder'
2023-01-18 17:03:49,849 - [minicap_server]b'INFO: (jni/minicap/minicap.cpp:489) Server start'
2023-01-18 17:03:49,850 - (1, 24, 29860, 2400, 1080, 800, 360, 0, 2)
2023-01-18 17:03:49,851 - [minicap_server]b'INFO: (jni/minicap/minicap.cpp:492) New client connection'
2023-01-18 17:03:50,045 - D:\AirtestIDE\airtest\core\android\static\adb\windows\adb.exe -P 5037 -s b5cd5344 shell ls -l /data/local/tmp/maxpresent.jar
2023-01-18 17:03:50,120 - install_maxtouch skipped
2023-01-18 17:03:50,120 - D:\AirtestIDE\airtest\core\android\static\adb\windows\adb.exe -P 5037 -s b5cd5344 forward --no-rebind tcp:16940 localabstract:maxpresent_16940
2023-01-18 17:03:50,145 - D:\AirtestIDE\airtest\core\android\static\adb\windows\adb.exe -P 5037 -s b5cd5344 shell app_process -Djava.class.path=/data/local/tmp/maxpresent.jar /data/local/tmp com.netease.maxpresent.MaxPresent socket maxpresent_16940
2023-01-18 17:03:50,429 - [airtouch_server]b'Metrics Message : 2400.0=====1080.0'
2023-01-18 17:03:50,433 - [airtouch_server]b'Start local socket (maxpresent_16940) server...'
2023-01-18 17:03:51,921 - D:\AirtestIDE\airtest\core\android\static\adb\windows\adb.exe -P 5037 -s b5cd5344 wait-for-device
2023-01-18 17:03:51,950 - D:\AirtestIDE\airtest\core\android\static\adb\windows\adb.exe -P 5037 -s b5cd5344 shell getprop ro.build.version.sdk
2023-01-18 17:03:52,028 - Device:b5cd5344 updated <airtest.core.android.android.Android object at 0x00000201D9161B38> -> <airtest.core.android.android.Android object at 0x00000201CBB30B70>
2023-01-18 17:03:52,045 - D:\AirtestIDE\airtest\core\android\static\adb\windows\adb.exe -P 5037 -s b5cd5344 forward --no-rebind tcp:19385 tcp:5001
2023-01-18 17:04:14,759 - D:\AirtestIDE\airtest\core\android\static\adb\windows\adb.exe kill-server
2023-01-18 17:04:14,812 - D:\AirtestIDE\airtest\core\android\static\adb\windows\adb.exe -P 5037 -s b5cd5344 forward --no-rebind tcp:16026 localabstract:minicap_16026
2023-01-18 17:04:14,812 - [rotation_server]b''
2023-01-18 17:04:14,817 - [minicap_server]b''
2023-01-18 17:04:14,817 - [airtouch_server]b''
2023-01-18 17:04:15,565 - orientationWatcher has ended
2023-01-18 17:04:24,532 - D:\AirtestIDE\airtest\core\android\static\adb\windows\adb.exe devices
2023-01-18 17:06:25,145 - D:\AirtestIDE\airtest\core\android\static\adb\windows\adb.exe devices
2023-01-18 17:06:26,241 - D:\AirtestIDE\airtest\core\android\static\adb\windows\adb.exe -P 5037 -s b5cd5344 wait-for-device
2023-01-18 17:06:26,266 - D:\AirtestIDE\airtest\core\android\static\adb\windows\adb.exe -P 5037 -s b5cd5344 shell getprop ro.build.version.sdk
2023-01-18 17:06:26,339 - D:\AirtestIDE\airtest\core\android\static\adb\windows\adb.exe -P 5037 -s b5cd5344 shell ls -l /data/local/tmp/rotationwatcher.jar
2023-01-18 17:06:26,425 - install_rotationwatcher skipped
2023-01-18 17:06:26,425 - D:\AirtestIDE\airtest\core\android\static\adb\windows\adb.exe -P 5037 -s b5cd5344 shell app_process -Djava.class.path=/data/local/tmp/rotationwatcher.jar /data/local/tmp com.example.rotationwatcher.Main
2023-01-18 17:06:26,754 - [rotation_server]b'90'
2023-01-18 17:06:28,442 - update orientation None->1
2023-01-18 17:06:28,443 - D:\AirtestIDE\airtest\core\android\static\adb\windows\adb.exe -P 5037 -s b5cd5344 shell dumpsys display
2023-01-18 17:06:28,534 - D:\AirtestIDE\airtest\core\android\static\adb\windows\adb.exe -P 5037 -s b5cd5344 shell dumpsys window
2023-01-18 17:06:28,681 - D:\AirtestIDE\airtest\core\android\static\adb\windows\adb.exe -P 5037 -s b5cd5344 shell wm size; wm density
2023-01-18 17:06:28,818 - D:\AirtestIDE\airtest\core\android\static\adb\windows\adb.exe -P 5037 -s b5cd5344 shell dumpsys window displays
2023-01-18 17:06:28,958 - D:\AirtestIDE\airtest\core\android\static\adb\windows\adb.exe -P 5037 -s b5cd5344 shell dumpsys SurfaceFlinger
2023-01-18 17:06:29,079 - D:\AirtestIDE\airtest\core\android\static\adb\windows\adb.exe -P 5037 -s b5cd5344 shell dumpsys input
2023-01-18 17:06:29,174 - D:\AirtestIDE\airtest\core\android\static\adb\windows\adb.exe -P 5037 -s b5cd5344 shell getevent -p
2023-01-18 17:06:29,262 - D:\AirtestIDE\airtest\core\android\static\adb\windows\adb.exe -P 5037 -s b5cd5344 shell ls /data/local/tmp/minicap
2023-01-18 17:06:29,334 - D:\AirtestIDE\airtest\core\android\static\adb\windows\adb.exe -P 5037 -s b5cd5344 shell ls /data/local/tmp/minicap.so
2023-01-18 17:06:29,416 - D:\AirtestIDE\airtest\core\android\static\adb\windows\adb.exe -P 5037 -s b5cd5344 shell LD_LIBRARY_PATH=/data/local/tmp /data/local/tmp/minicap -v 2>&1
2023-01-18 17:06:29,545 - version:5
2023-01-18 17:06:29,546 - skip install minicap
2023-01-18 17:06:29,546 - D:\AirtestIDE\airtest\core\android\static\adb\windows\adb.exe -P 5037 -s b5cd5344 shell LD_LIBRARY_PATH=/data/local/tmp /data/local/tmp/minicap -i
2023-01-18 17:06:29,664 - D:\AirtestIDE\airtest\core\android\static\adb\windows\adb.exe -P 5037 -s b5cd5344 shell dumpsys window displays
2023-01-18 17:06:29,810 - D:\AirtestIDE\airtest\core\android\static\adb\windows\adb.exe -P 5037 -s b5cd5344 shell LD_LIBRARY_PATH=/data/local/tmp /data/local/tmp/minicap -n 'airtest_minicap' -P 1080x2400@1080x2400/90 -s
2023-01-18 17:06:30,065 - D:\AirtestIDE\airtest\core\android\static\adb\windows\adb.exe -P 5037 -s b5cd5344 forward --no-rebind tcp:14152 localabstract:minicap_14152
2023-01-18 17:06:30,099 - D:\AirtestIDE\airtest\core\android\static\adb\windows\adb.exe -P 5037 -s b5cd5344 shell LD_LIBRARY_PATH=/data/local/tmp /data/local/tmp/minicap -i
2023-01-18 17:06:30,211 - D:\AirtestIDE\airtest\core\android\static\adb\windows\adb.exe -P 5037 -s b5cd5344 shell dumpsys window displays
2023-01-18 17:06:30,340 - D:\AirtestIDE\airtest\core\android\static\adb\windows\adb.exe -P 5037 -s b5cd5344 shell LD_LIBRARY_PATH=/data/local/tmp /data/local/tmp/minicap -n 'minicap_14152' -P 1080x2400@360x800/90 -l 2>&1
2023-01-18 17:06:30,451 - [minicap_server]b'PID: 31150'
2023-01-18 17:06:30,452 - [minicap_server]b'INFO: Using projection 1080x2400@360x800/1'
2023-01-18 17:06:30,452 - [minicap_server]b'INFO: (external/MY_minicap/src/minicap_30.cpp:243) Creating SurfaceComposerClient'
2023-01-18 17:06:30,452 - [minicap_server]b'INFO: (external/MY_minicap/src/minicap_30.cpp:246) Performing SurfaceComposerClient init check'
2023-01-18 17:06:30,453 - [minicap_server]b'INFO: (external/MY_minicap/src/minicap_30.cpp:257) Creating virtual display'
2023-01-18 17:06:30,455 - [minicap_server]b'INFO: (external/MY_minicap/src/minicap_30.cpp:263) Creating buffer queue'
2023-01-18 17:06:30,455 - [minicap_server]b'INFO: (external/MY_minicap/src/minicap_30.cpp:266) Setting buffer options'
2023-01-18 17:06:30,455 - [minicap_server]b'INFO: (external/MY_minicap/src/minicap_30.cpp:270) Creating CPU consumer'
2023-01-18 17:06:30,455 - [minicap_server]b'INFO: (external/MY_minicap/src/minicap_30.cpp:274) Creating frame waiter'
2023-01-18 17:06:30,456 - [minicap_server]b'INFO: (external/MY_minicap/src/minicap_30.cpp:278) Publishing virtual display'
2023-01-18 17:06:30,470 - [minicap_server]b'INFO: (jni/minicap/JpgEncoder.cpp:64) Allocating 7835652 bytes for JPG encoder'
2023-01-18 17:06:30,473 - [minicap_server]b'INFO: (jni/minicap/minicap.cpp:489) Server start'
2023-01-18 17:06:30,474 - (1, 24, 31150, 1080, 2400, 360, 800, 1, 2)
2023-01-18 17:06:30,474 - quirk_flag found, going to resetup
2023-01-18 17:06:30,474 - [minicap_server]b'INFO: (jni/minicap/minicap.cpp:492) New client connection'
2023-01-18 17:06:30,474 - minicap stream ends
2023-01-18 17:06:30,499 - [minicap_server]b''
2023-01-18 17:06:30,501 - D:\AirtestIDE\airtest\core\android\static\adb\windows\adb.exe -P 5037 -s b5cd5344 forward --remove tcp:14152
2023-01-18 17:06:30,524 - D:\AirtestIDE\airtest\core\android\static\adb\windows\adb.exe -P 5037 -s b5cd5344 forward --no-rebind tcp:12720 localabstract:minicap_12720
2023-01-18 17:06:30,548 - D:\AirtestIDE\airtest\core\android\static\adb\windows\adb.exe -P 5037 -s b5cd5344 shell LD_LIBRARY_PATH=/data/local/tmp /data/local/tmp/minicap -i
2023-01-18 17:06:30,647 - D:\AirtestIDE\airtest\core\android\static\adb\windows\adb.exe -P 5037 -s b5cd5344 shell dumpsys window displays
2023-01-18 17:06:30,719 - D:\AirtestIDE\airtest\core\android\static\adb\windows\adb.exe -P 5037 -s b5cd5344 shell LD_LIBRARY_PATH=/data/local/tmp /data/local/tmp/minicap -n 'minicap_12720' -P 2400x1080@800x360/0 -l 2>&1
2023-01-18 17:06:30,810 - [minicap_server]b'PID: 31168'
2023-01-18 17:06:30,811 - [minicap_server]b'INFO: Using projection 2400x1080@800x360/0'
2023-01-18 17:06:30,811 - [minicap_server]b'INFO: (external/MY_minicap/src/minicap_30.cpp:243) Creating SurfaceComposerClient'
2023-01-18 17:06:30,811 - [minicap_server]b'INFO: (external/MY_minicap/src/minicap_30.cpp:246) Performing SurfaceComposerClient init check'
2023-01-18 17:06:30,811 - [minicap_server]b'INFO: (external/MY_minicap/src/minicap_30.cpp:257) Creating virtual display'
2023-01-18 17:06:30,812 - [minicap_server]b'INFO: (external/MY_minicap/src/minicap_30.cpp:263) Creating buffer queue'
2023-01-18 17:06:30,812 - [minicap_server]b'INFO: (external/MY_minicap/src/minicap_30.cpp:266) Setting buffer options'
2023-01-18 17:06:30,812 - [minicap_server]b'INFO: (external/MY_minicap/src/minicap_30.cpp:270) Creating CPU consumer'
2023-01-18 17:06:30,812 - [minicap_server]b'INFO: (external/MY_minicap/src/minicap_30.cpp:274) Creating frame waiter'
2023-01-18 17:06:30,812 - [minicap_server]b'INFO: (external/MY_minicap/src/minicap_30.cpp:278) Publishing virtual display'
2023-01-18 17:06:30,818 - [minicap_server]b'INFO: (jni/minicap/JpgEncoder.cpp:64) Allocating 7835652 bytes for JPG encoder'
2023-01-18 17:06:30,818 - [minicap_server]b'INFO: (jni/minicap/minicap.cpp:489) Server start'
2023-01-18 17:06:30,824 - (1, 24, 31168, 2400, 1080, 800, 360, 0, 2)
2023-01-18 17:06:30,825 - [minicap_server]b'INFO: (jni/minicap/minicap.cpp:492) New client connection'
2023-01-18 17:06:31,076 - D:\AirtestIDE\airtest\core\android\static\adb\windows\adb.exe -P 5037 -s b5cd5344 shell ls -l /data/local/tmp/maxpresent.jar
2023-01-18 17:06:31,160 - install_maxtouch skipped
2023-01-18 17:06:31,161 - D:\AirtestIDE\airtest\core\android\static\adb\windows\adb.exe -P 5037 -s b5cd5344 forward --no-rebind tcp:18227 localabstract:maxpresent_18227
2023-01-18 17:06:31,193 - D:\AirtestIDE\airtest\core\android\static\adb\windows\adb.exe -P 5037 -s b5cd5344 shell app_process -Djava.class.path=/data/local/tmp/maxpresent.jar /data/local/tmp com.netease.maxpresent.MaxPresent socket maxpresent_18227
2023-01-18 17:06:31,495 - [airtouch_server]b'Metrics Message : 2400.0=====1080.0'
2023-01-18 17:06:31,503 - [airtouch_server]b'Start local socket (maxpresent_18227) server...'
2023-01-18 17:06:32,557 - D:\AirtestIDE\airtest\core\android\static\adb\windows\adb.exe -P 5037 -s b5cd5344 forward --no-rebind tcp:19232 tcp:5001
2023-01-18 17:06:37,833 - D:\AirtestIDE\airtest\core\android\static\adb\windows\adb.exe -P 5037 -s b5cd5344 wait-for-device
2023-01-18 17:06:37,861 - D:\AirtestIDE\airtest\core\android\static\adb\windows\adb.exe -P 5037 -s b5cd5344 shell getprop ro.build.version.sdk
2023-01-18 17:06:37,938 - Device:b5cd5344 updated <airtest.core.android.android.Android object at 0x0000016CCED3A908> -> <airtest.core.android.android.Android object at 0x0000016CF6BB7470>
2023-01-18 17:06:37,939 - D:\AirtestIDE\airtest\core\android\static\adb\windows\adb.exe -P 5037 -s b5cd5344 forward --no-rebind tcp:17466 tcp:5001
2023-01-18 17:06:46,327 - D:\AirtestIDE\airtest\core\android\static\adb\windows\adb.exe -P 5037 -s b5cd5344 forward --remove tcp:19232
2023-01-18 17:06:47,214 - D:\AirtestIDE\airtest\core\android\static\adb\windows\adb.exe -P 5037 -s b5cd5344 forward --no-rebind tcp:14535 tcp:5001
2023-01-18 17:06:51,017 - D:\AirtestIDE\airtest\core\android\static\adb\windows\adb.exe -P 5037 -s b5cd5344 wait-for-device
2023-01-18 17:06:51,043 - D:\AirtestIDE\airtest\core\android\static\adb\windows\adb.exe -P 5037 -s b5cd5344 shell getprop ro.build.version.sdk
2023-01-18 17:06:51,115 - D:\AirtestIDE\airtest\core\android\static\adb\windows\adb.exe -P 5037 -s b5cd5344 forward --no-rebind tcp:12200 tcp:5001
2023-01-18 17:06:58,912 - D:\AirtestIDE\airtest\core\android\static\adb\windows\adb.exe -P 5037 -s b5cd5344 forward --remove tcp:14535
2023-01-18 17:07:48,047 - D:\AirtestIDE\airtest\core\android\static\adb\windows\adb.exe -P 5037 -s b5cd5344 wait-for-device
2023-01-18 17:07:48,081 - D:\AirtestIDE\airtest\core\android\static\adb\windows\adb.exe -P 5037 -s b5cd5344 shell getprop ro.build.version.sdk
2023-01-18 17:07:48,154 - D:\AirtestIDE\airtest\core\android\static\adb\windows\adb.exe -P 5037 -s b5cd5344 forward --no-rebind tcp:13709 tcp:5001
2023-01-18 17:07:59,426 - D:\AirtestIDE\airtest\core\android\static\adb\windows\adb.exe -P 5037 -s b5cd5344 forward --no-rebind tcp:11870 tcp:5001
2023-01-18 17:08:01,638 - D:\AirtestIDE\airtest\core\android\static\adb\windows\adb.exe -P 5037 -s b5cd5344 forward --no-rebind tcp:14639 tcp:5001
2023-01-18 17:08:01,895 - D:\AirtestIDE\airtest\core\android\static\adb\windows\adb.exe -P 5037 -s b5cd5344 forward --remove tcp:11870
2023-01-18 17:08:12,787 - D:\AirtestIDE\airtest\core\android\static\adb\windows\adb.exe -P 5037 -s b5cd5344 wait-for-device
2023-01-18 17:08:12,814 - D:\AirtestIDE\airtest\core\android\static\adb\windows\adb.exe -P 5037 -s b5cd5344 shell getprop ro.build.version.sdk
2023-01-18 17:08:12,890 - D:\AirtestIDE\airtest\core\android\static\adb\windows\adb.exe -P 5037 -s b5cd5344 forward --no-rebind tcp:15527 tcp:5001
2023-01-18 17:08:22,534 - D:\AirtestIDE\airtest\core\android\static\adb\windows\adb.exe -P 5037 -s b5cd5344 shell dumpsys window windows
2023-01-18 17:08:22,677 - D:\AirtestIDE\airtest\core\android\static\adb\windows\adb.exe -P 5037 -s b5cd5344 shell dumpsys activity top
2023-01-18 17:08:35,025 - D:\AirtestIDE\airtest\core\android\static\adb\windows\adb.exe -P 5037 -s b5cd5344 wait-for-device
2023-01-18 17:08:35,053 - D:\AirtestIDE\airtest\core\android\static\adb\windows\adb.exe -P 5037 -s b5cd5344 shell getprop ro.build.version.sdk
2023-01-18 17:08:35,121 - D:\AirtestIDE\airtest\core\android\static\adb\windows\adb.exe -P 5037 -s b5cd5344 forward --no-rebind tcp:17107 tcp:5001
2023-01-18 17:09:02,945 - D:\AirtestIDE\airtest\core\android\static\adb\windows\adb.exe -P 5037 -s b5cd5344 wait-for-device
2023-01-18 17:09:02,974 - D:\AirtestIDE\airtest\core\android\static\adb\windows\adb.exe -P 5037 -s b5cd5344 shell getprop ro.build.version.sdk
2023-01-18 17:09:10,010 - D:\AirtestIDE\airtest\core\android\static\adb\windows\adb.exe -P 5037 -s b5cd5344 wait-for-device
2023-01-18 17:09:10,039 - D:\AirtestIDE\airtest\core\android\static\adb\windows\adb.exe -P 5037 -s b5cd5344 shell getprop ro.build.version.sdk
2023-01-18 17:09:10,119 - D:\AirtestIDE\airtest\core\android\static\adb\windows\adb.exe -P 5037 -s b5cd5344 forward --no-rebind tcp:14525 tcp:5001
2023-01-18 17:09:23,006 - D:\AirtestIDE\airtest\core\android\static\adb\windows\adb.exe -P 5037 -s b5cd5344 forward --remove tcp:12720
2023-01-18 17:09:23,029 - D:\AirtestIDE\airtest\core\android\static\adb\windows\adb.exe -P 5037 -s b5cd5344 forward --remove tcp:18227
2023-01-18 17:09:23,052 - D:\AirtestIDE\airtest\core\android\static\adb\windows\adb.exe -P 5037 -s b5cd5344 forward --remove tcp:14639
2023-01-18 17:09:23,077 - D:\AirtestIDE\airtest\core\android\static\adb\windows\adb.exe -P 5037 -s b5cd5344 forward --remove tcp:17466
2023-01-18 17:09:23,100 - D:\AirtestIDE\airtest\core\android\static\adb\windows\adb.exe -P 5037 -s b5cd5344 forward --remove tcp:12200
2023-01-18 17:09:23,124 - D:\AirtestIDE\airtest\core\android\static\adb\windows\adb.exe -P 5037 -s b5cd5344 forward --remove tcp:13709
2023-01-18 17:09:23,147 - D:\AirtestIDE\airtest\core\android\static\adb\windows\adb.exe -P 5037 -s b5cd5344 forward --remove tcp:15527
2023-01-18 17:09:23,171 - D:\AirtestIDE\airtest\core\android\static\adb\windows\adb.exe -P 5037 -s b5cd5344 forward --remove tcp:17107
2023-01-18 17:09:23,196 - D:\AirtestIDE\airtest\core\android\static\adb\windows\adb.exe -P 5037 -s b5cd5344 forward --remove tcp:14525
2023-01-18 17:09:23,238 - [rotation_server]b''
2023-01-18 17:09:23,254 - [minicap_server]b''
2023-01-18 17:09:23,271 - [airtouch_server]b''
